<?xml version="1.0" encoding="UTF-8"?>
<!-- Generated by org.testng.reporters.JUnitReportReporter -->
<testsuite hostname="Dell-PC" name="demopackage.Surfly" tests="1" failures="0" timestamp="4 Sep 2015 11:12:46 GMT" time="79.996" errors="0">
  <testcase name="url" time="79.996" classname="demopackage.Surfly"/>
</testsuite> <!-- demopackage.Surfly -->
