<?xml version="1.0" encoding="UTF-8"?>
<!-- Generated by org.testng.reporters.JUnitReportReporter -->
<testsuite hostname="Dell-PC" name="demopackage.Pagedown" tests="1" failures="0" timestamp="4 Sep 2015 09:50:19 GMT" time="21.004" errors="0">
  <testcase name="page" time="21.004" classname="demopackage.Pagedown"/>
</testsuite> <!-- demopackage.Pagedown -->
