<?xml version="1.0" encoding="UTF-8"?>
<!-- Generated by org.testng.reporters.JUnitReportReporter -->
<testsuite hostname="Dell-PC" name="demopackage.Demo" tests="1" failures="0" timestamp="8 Oct 2015 10:37:44 GMT" time="9.308" errors="0">
  <testcase name="f" time="9.308" classname="demopackage.Demo"/>
</testsuite> <!-- demopackage.Demo -->
