<?xml version="1.0" encoding="UTF-8"?>
<!-- Generated by org.testng.reporters.JUnitReportReporter -->
<testsuite hostname="Dell-PC" name="demopackage.SafariBrowser" tests="2" failures="0" timestamp="28 Jul 2015 13:39:51 GMT" time="37.522" errors="0">
  <testcase name="shouldBeAbleToPerformAGoogleSearch" time="17.728" classname="demopackage.SafariBrowser"/>
  <testcase name="Open" time="19.794" classname="demopackage.SafariBrowser"/>
</testsuite> <!-- demopackage.SafariBrowser -->
