<?xml version="1.0" encoding="UTF-8"?>
<!-- Generated by org.testng.reporters.JUnitReportReporter -->
<testsuite hostname="Dell-PC" name="TestNG.testcases" tests="1" failures="0" timestamp="22 Sep 2015 06:54:09 GMT" time="8.899" errors="0">
  <testcase name="testMethodOne" time="8.899" classname="TestNG.testcases"/>
</testsuite> <!-- TestNG.testcases -->
