<?xml version="1.0" encoding="UTF-8"?>
<!-- Generated by org.testng.reporters.JUnitReportReporter -->
<testsuite hostname="Dell-PC" name="demopackage.TestCase" tests="1" failures="0" timestamp="27 Jul 2015 09:36:22 GMT" time="6.313" errors="0">
  <testcase name="search" time="6.313" classname="demopackage.TestCase"/>
</testsuite> <!-- demopackage.TestCase -->
